<?xml version="1.0" encoding="UTF-8"?>
<testsuite xmlns:xsi="http://www.w3.org/2001/XMLSchema-instance" xsi:noNamespaceSchemaLocation="https://maven.apache.org/surefire/maven-surefire-plugin/xsd/surefire-test-report-3.0.xsd" version="3.0" name="se.Iths.CalculatorTest" time="0.057" tests="12" errors="0" skipped="0" failures="0">
  <properties>
[...]
</properties>
  <testcase name="testAdd" classname="se.Iths.CalculatorTest" time="0.011">
    <system-out><![CDATA[Calculator creation attempt was successful
]]></system-out>
  </testcase>
  <testcase name="testAdd" classname="se.Iths.CalculatorTest" time="0.001"/>
  <testcase name="testAdd" classname="se.Iths.CalculatorTest" time="0.001"/>
  <testcase name="testAdd" classname="se.Iths.CalculatorTest" time="0"/>
  <testcase name="testAdd" classname="se.Iths.CalculatorTest" time="0"/>
  <testcase name="testAdd" classname="se.Iths.CalculatorTest" time="0.001"/>
  <testcase name="testAdd" classname="se.Iths.CalculatorTest" time="0.001"/>
  <testcase name="testAdd" classname="se.Iths.CalculatorTest" time="0"/>
  <testcase name="testAdd" classname="se.Iths.CalculatorTest" time="0"/>
  <testcase name="testAdd" classname="se.Iths.CalculatorTest" time="0"/>
  <testcase name="testSub" classname="se.Iths.CalculatorTest" time="0.001"/>
  <testcase name="testMultiplication" classname="se.Iths.CalculatorTest" time="0.008">
    <system-out><![CDATA[Sum1 = : 2000 Sum2 = : 150000
]]></system-out>
  </testcase>
</testsuite>